<?xml version="1.0" encoding="UTF-8"?>
<testsuite xmlns:xsi="http://www.w3.org/2001/XMLSchema-instance" xsi:noNamespaceSchemaLocation="https://maven.apache.org/surefire/maven-surefire-plugin/xsd/surefire-test-report-3.0.xsd" version="3.0" name="com.cjme.motorphsystem.dao.PagibigDAOTest" time="0.459" tests="3" errors="0" skipped="0" failures="0">
  <properties>
[...]
</properties>
  <testcase name="testGetRatesForValidSalary" classname="com.cjme.motorphsystem.dao.PagibigDAOTest" time="0.366"/>
  <testcase name="testGetRatesForOutOfRangeSalary" classname="com.cjme.motorphsystem.dao.PagibigDAOTest" time="0.015"/>
  <testcase name="testGetRatesForVeryHighSalary" classname="com.cjme.motorphsystem.dao.PagibigDAOTest" time="0.02"/>
</testsuite>